<?xml version="1.0" encoding="UTF-8"?>
<testsuite name="com.jojoldu.book.springboot.web.ProfileControllerTest" tests="1" skipped="0" failures="0" errors="0" timestamp="2022-02-14T13:01:18" hostname="DESKTOP-PF9N4H3" time="0.018">
  <properties/>
  <testcase name="profile은_인증없이_호출된다" classname="com.jojoldu.book.springboot.web.ProfileControllerTest" time="0.018"/>
  <system-out><![CDATA[2022-02-14 22:01:18.458  INFO 20376 --- [    Test worker] .b.t.c.SpringBootTestContextBootstrapper : Neither @ContextConfiguration nor @ContextHierarchy found for test class [com.jojoldu.book.springboot.web.ProfileControllerTest], using SpringBootContextLoader
2022-02-14 22:01:18.460  INFO 20376 --- [    Test worker] o.s.t.c.support.AbstractContextLoader    : Could not detect default resource locations for test class [com.jojoldu.book.springboot.web.ProfileControllerTest]: no resource found for suffixes {-context.xml, Context.groovy}.
2022-02-14 22:01:18.461  INFO 20376 --- [    Test worker] t.c.s.AnnotationConfigContextLoaderUtils : Could not detect default configuration classes for test class [com.jojoldu.book.springboot.web.ProfileControllerTest]: ProfileControllerTest does not declare any static, non-private, non-final, nested classes annotated with @Configuration.
2022-02-14 22:01:18.464  INFO 20376 --- [    Test worker] .b.t.c.SpringBootTestContextBootstrapper : Found @SpringBootConfiguration com.jojoldu.book.springboot.Application for test class com.jojoldu.book.springboot.web.ProfileControllerTest
2022-02-14 22:01:18.466  INFO 20376 --- [    Test worker] .b.t.c.SpringBootTestContextBootstrapper : Loaded default TestExecutionListener class names from location [META-INF/spring.factories]: [org.springframework.security.test.context.support.WithSecurityContextTestExecutionListener, org.springframework.security.test.context.support.ReactorContextTestExecutionListener, org.springframework.boot.test.autoconfigure.restdocs.RestDocsTestExecutionListener, org.springframework.boot.test.autoconfigure.web.client.MockRestServiceServerResetTestExecutionListener, org.springframework.boot.test.autoconfigure.web.servlet.MockMvcPrintOnlyOnFailureTestExecutionListener, org.springframework.boot.test.autoconfigure.web.servlet.WebDriverTestExecutionListener, org.springframework.boot.test.mock.mockito.MockitoTestExecutionListener, org.springframework.boot.test.mock.mockito.ResetMocksTestExecutionListener, org.springframework.test.context.web.ServletTestExecutionListener, org.springframework.test.context.support.DirtiesContextBeforeModesTestExecutionListener, org.springframework.test.context.support.DependencyInjectionTestExecutionListener, org.springframework.test.context.support.DirtiesContextTestExecutionListener, org.springframework.test.context.transaction.TransactionalTestExecutionListener, org.springframework.test.context.jdbc.SqlScriptsTestExecutionListener]
2022-02-14 22:01:18.468  INFO 20376 --- [    Test worker] .b.t.c.SpringBootTestContextBootstrapper : Using TestExecutionListeners: [org.springframework.test.context.web.ServletTestExecutionListener@238bbc47, org.springframework.test.context.support.DirtiesContextBeforeModesTestExecutionListener@7a6e09e0, org.springframework.boot.test.mock.mockito.MockitoTestExecutionListener@7ebc3379, org.springframework.boot.test.autoconfigure.SpringBootDependencyInjectionTestExecutionListener@4bd00d19, org.springframework.test.context.support.DirtiesContextTestExecutionListener@35c7e9a0, org.springframework.test.context.transaction.TransactionalTestExecutionListener@3f6cc7f1, org.springframework.test.context.jdbc.SqlScriptsTestExecutionListener@20540c9e, org.springframework.security.test.context.support.WithSecurityContextTestExecutionListener@6b276548, org.springframework.security.test.context.support.ReactorContextTestExecutionListener@61a70b65, org.springframework.boot.test.autoconfigure.restdocs.RestDocsTestExecutionListener@382d1bef, org.springframework.boot.test.autoconfigure.web.client.MockRestServiceServerResetTestExecutionListener@381dc088, org.springframework.boot.test.autoconfigure.web.servlet.MockMvcPrintOnlyOnFailureTestExecutionListener@6840ffe6, org.springframework.boot.test.autoconfigure.web.servlet.WebDriverTestExecutionListener@31e53da8, org.springframework.boot.test.mock.mockito.ResetMocksTestExecutionListener@61c7ba18]
]]></system-out>
  <system-err><![CDATA[]]></system-err>
</testsuite>
