<?xml version="1.0" encoding="UTF-8"?>
<testsuite name="com.jojoldu.book.springboot.web.ProfileControllerTest" tests="1" skipped="0" failures="0" errors="0" timestamp="2022-02-06T09:21:46" hostname="DESKTOP-PF9N4H3" time="0.028">
  <properties/>
  <testcase name="profile은_인증없이_호출된다" classname="com.jojoldu.book.springboot.web.ProfileControllerTest" time="0.028"/>
  <system-out><![CDATA[2022-02-06 18:21:46.525  INFO 19928 --- [    Test worker] .b.t.c.SpringBootTestContextBootstrapper : Neither @ContextConfiguration nor @ContextHierarchy found for test class [com.jojoldu.book.springboot.web.ProfileControllerTest], using SpringBootContextLoader
2022-02-06 18:21:46.530  INFO 19928 --- [    Test worker] o.s.t.c.support.AbstractContextLoader    : Could not detect default resource locations for test class [com.jojoldu.book.springboot.web.ProfileControllerTest]: no resource found for suffixes {-context.xml, Context.groovy}.
2022-02-06 18:21:46.531  INFO 19928 --- [    Test worker] t.c.s.AnnotationConfigContextLoaderUtils : Could not detect default configuration classes for test class [com.jojoldu.book.springboot.web.ProfileControllerTest]: ProfileControllerTest does not declare any static, non-private, non-final, nested classes annotated with @Configuration.
2022-02-06 18:21:46.534  INFO 19928 --- [    Test worker] .b.t.c.SpringBootTestContextBootstrapper : Found @SpringBootConfiguration com.jojoldu.book.springboot.Application for test class com.jojoldu.book.springboot.web.ProfileControllerTest
2022-02-06 18:21:46.538  INFO 19928 --- [    Test worker] .b.t.c.SpringBootTestContextBootstrapper : Loaded default TestExecutionListener class names from location [META-INF/spring.factories]: [org.springframework.security.test.context.support.WithSecurityContextTestExecutionListener, org.springframework.security.test.context.support.ReactorContextTestExecutionListener, org.springframework.boot.test.autoconfigure.restdocs.RestDocsTestExecutionListener, org.springframework.boot.test.autoconfigure.web.client.MockRestServiceServerResetTestExecutionListener, org.springframework.boot.test.autoconfigure.web.servlet.MockMvcPrintOnlyOnFailureTestExecutionListener, org.springframework.boot.test.autoconfigure.web.servlet.WebDriverTestExecutionListener, org.springframework.boot.test.mock.mockito.MockitoTestExecutionListener, org.springframework.boot.test.mock.mockito.ResetMocksTestExecutionListener, org.springframework.test.context.web.ServletTestExecutionListener, org.springframework.test.context.support.DirtiesContextBeforeModesTestExecutionListener, org.springframework.test.context.support.DependencyInjectionTestExecutionListener, org.springframework.test.context.support.DirtiesContextTestExecutionListener, org.springframework.test.context.transaction.TransactionalTestExecutionListener, org.springframework.test.context.jdbc.SqlScriptsTestExecutionListener]
2022-02-06 18:21:46.540  INFO 19928 --- [    Test worker] .b.t.c.SpringBootTestContextBootstrapper : Using TestExecutionListeners: [org.springframework.test.context.web.ServletTestExecutionListener@441bf25, org.springframework.test.context.support.DirtiesContextBeforeModesTestExecutionListener@3e55a3ad, org.springframework.boot.test.mock.mockito.MockitoTestExecutionListener@29acc458, org.springframework.boot.test.autoconfigure.SpringBootDependencyInjectionTestExecutionListener@64f12fae, org.springframework.test.context.support.DirtiesContextTestExecutionListener@6d401c82, org.springframework.test.context.transaction.TransactionalTestExecutionListener@7e9b824c, org.springframework.test.context.jdbc.SqlScriptsTestExecutionListener@31da07c3, org.springframework.security.test.context.support.WithSecurityContextTestExecutionListener@5c3bc209, org.springframework.security.test.context.support.ReactorContextTestExecutionListener@31727100, org.springframework.boot.test.autoconfigure.restdocs.RestDocsTestExecutionListener@13591c80, org.springframework.boot.test.autoconfigure.web.client.MockRestServiceServerResetTestExecutionListener@72dcf537, org.springframework.boot.test.autoconfigure.web.servlet.MockMvcPrintOnlyOnFailureTestExecutionListener@70f54aef, org.springframework.boot.test.autoconfigure.web.servlet.WebDriverTestExecutionListener@52addf80, org.springframework.boot.test.mock.mockito.ResetMocksTestExecutionListener@94b7449]
]]></system-out>
  <system-err><![CDATA[]]></system-err>
</testsuite>
