<?xml version="1.0" encoding="UTF-8"?>
<testsuite name="com.jojoldu.book.springboot.web.HelloControllerTest" tests="2" skipped="0" failures="0" errors="0" timestamp="2022-02-14T13:01:14" hostname="DESKTOP-PF9N4H3" time="0.202">
  <properties/>
  <testcase name="hello가_리턴된다" classname="com.jojoldu.book.springboot.web.HelloControllerTest" time="0.098"/>
  <testcase name="helloDto가_리턴된다" classname="com.jojoldu.book.springboot.web.HelloControllerTest" time="0.103"/>
  <system-out><![CDATA[2022-02-14 22:01:13.067  INFO 20376 --- [    Test worker] .b.t.a.w.s.WebMvcTestContextBootstrapper : Neither @ContextConfiguration nor @ContextHierarchy found for test class [com.jojoldu.book.springboot.web.HelloControllerTest], using SpringBootContextLoader
2022-02-14 22:01:13.069  INFO 20376 --- [    Test worker] o.s.t.c.support.AbstractContextLoader    : Could not detect default resource locations for test class [com.jojoldu.book.springboot.web.HelloControllerTest]: no resource found for suffixes {-context.xml, Context.groovy}.
2022-02-14 22:01:13.070  INFO 20376 --- [    Test worker] t.c.s.AnnotationConfigContextLoaderUtils : Could not detect default configuration classes for test class [com.jojoldu.book.springboot.web.HelloControllerTest]: HelloControllerTest does not declare any static, non-private, non-final, nested classes annotated with @Configuration.
2022-02-14 22:01:13.112  INFO 20376 --- [    Test worker] .b.t.c.SpringBootTestContextBootstrapper : Found @SpringBootConfiguration com.jojoldu.book.springboot.Application for test class com.jojoldu.book.springboot.web.HelloControllerTest
2022-02-14 22:01:13.113  INFO 20376 --- [    Test worker] .b.t.a.w.s.WebMvcTestContextBootstrapper : Loaded default TestExecutionListener class names from location [META-INF/spring.factories]: [org.springframework.security.test.context.support.WithSecurityContextTestExecutionListener, org.springframework.security.test.context.support.ReactorContextTestExecutionListener, org.springframework.boot.test.autoconfigure.restdocs.RestDocsTestExecutionListener, org.springframework.boot.test.autoconfigure.web.client.MockRestServiceServerResetTestExecutionListener, org.springframework.boot.test.autoconfigure.web.servlet.MockMvcPrintOnlyOnFailureTestExecutionListener, org.springframework.boot.test.autoconfigure.web.servlet.WebDriverTestExecutionListener, org.springframework.boot.test.mock.mockito.MockitoTestExecutionListener, org.springframework.boot.test.mock.mockito.ResetMocksTestExecutionListener, org.springframework.test.context.web.ServletTestExecutionListener, org.springframework.test.context.support.DirtiesContextBeforeModesTestExecutionListener, org.springframework.test.context.support.DependencyInjectionTestExecutionListener, org.springframework.test.context.support.DirtiesContextTestExecutionListener, org.springframework.test.context.transaction.TransactionalTestExecutionListener, org.springframework.test.context.jdbc.SqlScriptsTestExecutionListener]
2022-02-14 22:01:13.115  INFO 20376 --- [    Test worker] .b.t.a.w.s.WebMvcTestContextBootstrapper : Using TestExecutionListeners: [org.springframework.test.context.web.ServletTestExecutionListener@6b967fc5, org.springframework.test.context.support.DirtiesContextBeforeModesTestExecutionListener@6ecb241e, org.springframework.boot.test.mock.mockito.MockitoTestExecutionListener@3572b13e, org.springframework.boot.test.autoconfigure.SpringBootDependencyInjectionTestExecutionListener@411d461b, org.springframework.test.context.support.DirtiesContextTestExecutionListener@19ad71aa, org.springframework.test.context.transaction.TransactionalTestExecutionListener@2ef15d55, org.springframework.test.context.jdbc.SqlScriptsTestExecutionListener@eaae2f4, org.springframework.security.test.context.support.WithSecurityContextTestExecutionListener@252c40a4, org.springframework.security.test.context.support.ReactorContextTestExecutionListener@57fe458a, org.springframework.boot.test.autoconfigure.restdocs.RestDocsTestExecutionListener@7341b1d5, org.springframework.boot.test.autoconfigure.web.client.MockRestServiceServerResetTestExecutionListener@2a25400b, org.springframework.boot.test.autoconfigure.web.servlet.MockMvcPrintOnlyOnFailureTestExecutionListener@6d4b1c8b, org.springframework.boot.test.autoconfigure.web.servlet.WebDriverTestExecutionListener@48bcc6bd, org.springframework.boot.test.mock.mockito.ResetMocksTestExecutionListener@360d0966]

  .   ____          _            __ _ _
 /\\ / ___'_ __ _ _(_)_ __  __ _ \ \ \ \
( ( )\___ | '_ | '_| | '_ \/ _` | \ \ \ \
 \\/  ___)| |_)| | | | | || (_| |  ) ) ) )
  '  |____| .__|_| |_|_| |_\__, | / / / /
 =========|_|==============|___/=/_/_/_/
 :: Spring Boot ::        (v2.1.7.RELEASE)

2022-02-14 22:01:13.177  INFO 20376 --- [    Test worker] c.j.b.s.web.HelloControllerTest          : Starting HelloControllerTest on DESKTOP-PF9N4H3 with PID 20376 (started by user in C:\Users\user\Desktop\스프링부트-JPA-활용-1\SpringbootAWS)
2022-02-14 22:01:13.179  INFO 20376 --- [    Test worker] c.j.b.s.web.HelloControllerTest          : No active profile set, falling back to default profiles: default
2022-02-14 22:01:13.845  INFO 20376 --- [    Test worker] o.s.s.concurrent.ThreadPoolTaskExecutor  : Initializing ExecutorService 'applicationTaskExecutor'
2022-02-14 22:01:13.894  INFO 20376 --- [    Test worker] o.s.b.a.w.s.WelcomePageHandlerMapping    : Adding welcome page template: index
2022-02-14 22:01:14.208  INFO 20376 --- [    Test worker] .s.s.UserDetailsServiceAutoConfiguration : 

Using generated security password: 4a1639e2-a414-4003-ad0f-0024cd3eb7c3

2022-02-14 22:01:14.427  INFO 20376 --- [    Test worker] o.s.s.web.DefaultSecurityFilterChain     : Creating filter chain: any request, [org.springframework.security.web.context.request.async.WebAsyncManagerIntegrationFilter@4f374a70, org.springframework.security.web.context.SecurityContextPersistenceFilter@2ae4cf9f, org.springframework.security.web.header.HeaderWriterFilter@4be27a5c, org.springframework.security.web.csrf.CsrfFilter@4a2f53dd, org.springframework.security.web.authentication.logout.LogoutFilter@248e9096, org.springframework.security.web.authentication.UsernamePasswordAuthenticationFilter@65e9374a, org.springframework.security.web.authentication.ui.DefaultLoginPageGeneratingFilter@6ce6a68b, org.springframework.security.web.authentication.ui.DefaultLogoutPageGeneratingFilter@53396e48, org.springframework.security.web.authentication.www.BasicAuthenticationFilter@5b2d3c08, org.springframework.security.web.savedrequest.RequestCacheAwareFilter@5447e74f, org.springframework.security.web.servletapi.SecurityContextHolderAwareRequestFilter@c2f4701, org.springframework.security.web.authentication.AnonymousAuthenticationFilter@6146d55b, org.springframework.security.web.session.SessionManagementFilter@7b637946, org.springframework.security.web.access.ExceptionTranslationFilter@e5e107c, org.springframework.security.web.access.intercept.FilterSecurityInterceptor@78a7e405]
2022-02-14 22:01:14.482  INFO 20376 --- [    Test worker] o.s.b.t.m.w.SpringBootMockServletContext : Initializing Spring TestDispatcherServlet ''
2022-02-14 22:01:14.482  INFO 20376 --- [    Test worker] o.s.t.web.servlet.TestDispatcherServlet  : Initializing Servlet ''
2022-02-14 22:01:14.500  INFO 20376 --- [    Test worker] o.s.t.web.servlet.TestDispatcherServlet  : Completed initialization in 18 ms
2022-02-14 22:01:14.540  INFO 20376 --- [    Test worker] c.j.b.s.web.HelloControllerTest          : Started HelloControllerTest in 1.422 seconds (JVM running for 13.087)
]]></system-out>
  <system-err><![CDATA[]]></system-err>
</testsuite>
