<?xml version="1.0" encoding="UTF-8"?>
<testsuite name="com.jojoldu.book.springboot.web.IndexControllerTest" tests="1" skipped="0" failures="0" errors="0" timestamp="2022-02-14T13:01:18" hostname="DESKTOP-PF9N4H3" time="0.249">
  <properties/>
  <testcase name="메인페이지_로딩" classname="com.jojoldu.book.springboot.web.IndexControllerTest" time="0.249"/>
  <system-out><![CDATA[2022-02-14 22:01:14.753  INFO 20376 --- [    Test worker] .b.t.c.SpringBootTestContextBootstrapper : Neither @ContextConfiguration nor @ContextHierarchy found for test class [com.jojoldu.book.springboot.web.IndexControllerTest], using SpringBootContextLoader
2022-02-14 22:01:14.754  INFO 20376 --- [    Test worker] o.s.t.c.support.AbstractContextLoader    : Could not detect default resource locations for test class [com.jojoldu.book.springboot.web.IndexControllerTest]: no resource found for suffixes {-context.xml, Context.groovy}.
2022-02-14 22:01:14.755  INFO 20376 --- [    Test worker] t.c.s.AnnotationConfigContextLoaderUtils : Could not detect default configuration classes for test class [com.jojoldu.book.springboot.web.IndexControllerTest]: IndexControllerTest does not declare any static, non-private, non-final, nested classes annotated with @Configuration.
2022-02-14 22:01:14.757  INFO 20376 --- [    Test worker] .b.t.c.SpringBootTestContextBootstrapper : Found @SpringBootConfiguration com.jojoldu.book.springboot.Application for test class com.jojoldu.book.springboot.web.IndexControllerTest
2022-02-14 22:01:14.758  INFO 20376 --- [    Test worker] .b.t.c.SpringBootTestContextBootstrapper : Loaded default TestExecutionListener class names from location [META-INF/spring.factories]: [org.springframework.security.test.context.support.WithSecurityContextTestExecutionListener, org.springframework.security.test.context.support.ReactorContextTestExecutionListener, org.springframework.boot.test.autoconfigure.restdocs.RestDocsTestExecutionListener, org.springframework.boot.test.autoconfigure.web.client.MockRestServiceServerResetTestExecutionListener, org.springframework.boot.test.autoconfigure.web.servlet.MockMvcPrintOnlyOnFailureTestExecutionListener, org.springframework.boot.test.autoconfigure.web.servlet.WebDriverTestExecutionListener, org.springframework.boot.test.mock.mockito.MockitoTestExecutionListener, org.springframework.boot.test.mock.mockito.ResetMocksTestExecutionListener, org.springframework.test.context.web.ServletTestExecutionListener, org.springframework.test.context.support.DirtiesContextBeforeModesTestExecutionListener, org.springframework.test.context.support.DependencyInjectionTestExecutionListener, org.springframework.test.context.support.DirtiesContextTestExecutionListener, org.springframework.test.context.transaction.TransactionalTestExecutionListener, org.springframework.test.context.jdbc.SqlScriptsTestExecutionListener]
2022-02-14 22:01:14.759  INFO 20376 --- [    Test worker] .b.t.c.SpringBootTestContextBootstrapper : Using TestExecutionListeners: [org.springframework.test.context.web.ServletTestExecutionListener@76b9b98, org.springframework.test.context.support.DirtiesContextBeforeModesTestExecutionListener@14a1b384, org.springframework.boot.test.mock.mockito.MockitoTestExecutionListener@5402498f, org.springframework.boot.test.autoconfigure.SpringBootDependencyInjectionTestExecutionListener@5bb145cf, org.springframework.test.context.support.DirtiesContextTestExecutionListener@5db27a, org.springframework.test.context.transaction.TransactionalTestExecutionListener@19790c66, org.springframework.test.context.jdbc.SqlScriptsTestExecutionListener@5f7160f7, org.springframework.security.test.context.support.WithSecurityContextTestExecutionListener@ebfd9eb, org.springframework.security.test.context.support.ReactorContextTestExecutionListener@631c6424, org.springframework.boot.test.autoconfigure.restdocs.RestDocsTestExecutionListener@32575e1d, org.springframework.boot.test.autoconfigure.web.client.MockRestServiceServerResetTestExecutionListener@6675e678, org.springframework.boot.test.autoconfigure.web.servlet.MockMvcPrintOnlyOnFailureTestExecutionListener@16750bdc, org.springframework.boot.test.autoconfigure.web.servlet.WebDriverTestExecutionListener@16486072, org.springframework.boot.test.mock.mockito.ResetMocksTestExecutionListener@1ee76310]

  .   ____          _            __ _ _
 /\\ / ___'_ __ _ _(_)_ __  __ _ \ \ \ \
( ( )\___ | '_ | '_| | '_ \/ _` | \ \ \ \
 \\/  ___)| |_)| | | | | || (_| |  ) ) ) )
  '  |____| .__|_| |_|_| |_\__, | / / / /
 =========|_|==============|___/=/_/_/_/
 :: Spring Boot ::        (v2.1.7.RELEASE)

2022-02-14 22:01:14.817  INFO 20376 --- [    Test worker] c.j.b.s.web.IndexControllerTest          : Starting IndexControllerTest on DESKTOP-PF9N4H3 with PID 20376 (started by user in C:\Users\user\Desktop\스프링부트-JPA-활용-1\SpringbootAWS)
2022-02-14 22:01:14.818  INFO 20376 --- [    Test worker] c.j.b.s.web.IndexControllerTest          : No active profile set, falling back to default profiles: default
2022-02-14 22:01:15.165  INFO 20376 --- [    Test worker] .s.d.r.c.RepositoryConfigurationDelegate : Bootstrapping Spring Data repositories in DEFAULT mode.
2022-02-14 22:01:15.227  INFO 20376 --- [    Test worker] .s.d.r.c.RepositoryConfigurationDelegate : Finished Spring Data repository scanning in 62ms. Found 2 repository interfaces.
2022-02-14 22:01:15.365  INFO 20376 --- [    Test worker] trationDelegate$BeanPostProcessorChecker : Bean 'org.springframework.transaction.annotation.ProxyTransactionManagementConfiguration' of type [org.springframework.transaction.annotation.ProxyTransactionManagementConfiguration$$EnhancerBySpringCGLIB$$f7f9eda5] is not eligible for getting processed by all BeanPostProcessors (for example: not eligible for auto-proxying)
2022-02-14 22:01:15.782  INFO 20376 --- [    Test worker] o.s.b.w.embedded.tomcat.TomcatWebServer  : Tomcat initialized with port(s): 0 (http)
2022-02-14 22:01:15.827  INFO 20376 --- [    Test worker] o.apache.catalina.core.StandardService   : Starting service [Tomcat]
2022-02-14 22:01:15.827  INFO 20376 --- [    Test worker] org.apache.catalina.core.StandardEngine  : Starting Servlet engine: [Apache Tomcat/9.0.22]
2022-02-14 22:01:16.103  INFO 20376 --- [    Test worker] o.a.c.c.C.[Tomcat].[localhost].[/]       : Initializing Spring embedded WebApplicationContext
2022-02-14 22:01:16.103  INFO 20376 --- [    Test worker] o.s.web.context.ContextLoader            : Root WebApplicationContext: initialization completed in 1282 ms
2022-02-14 22:01:16.362  INFO 20376 --- [    Test worker] com.zaxxer.hikari.HikariDataSource       : HikariPool-2 - Starting...
2022-02-14 22:01:16.363  INFO 20376 --- [    Test worker] com.zaxxer.hikari.HikariDataSource       : HikariPool-2 - Start completed.
2022-02-14 22:01:16.454  INFO 20376 --- [    Test worker] o.hibernate.jpa.internal.util.LogHelper  : HHH000204: Processing PersistenceUnitInfo [
	name: default
	...]
2022-02-14 22:01:16.479  INFO 20376 --- [    Test worker] org.hibernate.dialect.Dialect            : HHH000400: Using dialect: org.hibernate.dialect.MySQL5InnoDBDialect
Hibernate: drop table if exists posts
Hibernate: drop table if exists user
Hibernate: create table posts (id bigint not null auto_increment, created_date datetime, modified_date datetime, author varchar(255), content TEXT not null, title varchar(500) not null, primary key (id)) engine=InnoDB
Hibernate: create table user (id bigint not null auto_increment, created_date datetime, modified_date datetime, email varchar(255) not null, name varchar(255) not null, picture varchar(255), role varchar(255) not null, primary key (id)) engine=InnoDB
2022-02-14 22:01:16.549  INFO 20376 --- [    Test worker] o.h.t.schema.internal.SchemaCreatorImpl  : HHH000476: Executing import script 'org.hibernate.tool.schema.internal.exec.ScriptSourceInputNonExistentImpl@3e814923'
2022-02-14 22:01:16.550  INFO 20376 --- [    Test worker] j.LocalContainerEntityManagerFactoryBean : Initialized JPA EntityManagerFactory for persistence unit 'default'
2022-02-14 22:01:17.033  INFO 20376 --- [    Test worker] o.h.h.i.QueryTranslatorFactoryInitiator  : HHH000397: Using ASTQueryTranslatorFactory
2022-02-14 22:01:17.266  INFO 20376 --- [    Test worker] o.s.s.web.DefaultSecurityFilterChain     : Creating filter chain: any request, [org.springframework.security.web.context.request.async.WebAsyncManagerIntegrationFilter@3e08a40, org.springframework.security.web.context.SecurityContextPersistenceFilter@3d5594d, org.springframework.security.web.header.HeaderWriterFilter@723f3e88, org.springframework.security.web.authentication.logout.LogoutFilter@76c70769, org.springframework.security.oauth2.client.web.OAuth2AuthorizationRequestRedirectFilter@511ab373, org.springframework.security.oauth2.client.web.OAuth2LoginAuthenticationFilter@449a0ff3, org.springframework.security.web.authentication.ui.DefaultLoginPageGeneratingFilter@5f7122fb, org.springframework.security.web.authentication.ui.DefaultLogoutPageGeneratingFilter@1f44acd3, org.springframework.security.web.savedrequest.RequestCacheAwareFilter@2b75ffc0, org.springframework.security.web.servletapi.SecurityContextHolderAwareRequestFilter@20b55f58, org.springframework.security.web.authentication.AnonymousAuthenticationFilter@1b411563, org.springframework.security.web.session.SessionManagementFilter@1c6c6ae7, org.springframework.security.web.access.ExceptionTranslationFilter@7b3a6659, org.springframework.security.web.access.intercept.FilterSecurityInterceptor@608f96f1]
2022-02-14 22:01:17.562  INFO 20376 --- [    Test worker] o.s.s.concurrent.ThreadPoolTaskExecutor  : Initializing ExecutorService 'applicationTaskExecutor'
2022-02-14 22:01:17.581  WARN 20376 --- [    Test worker] aWebConfiguration$JpaWebMvcConfiguration : spring.jpa.open-in-view is enabled by default. Therefore, database queries may be performed during view rendering. Explicitly configure spring.jpa.open-in-view to disable this warning
2022-02-14 22:01:17.625  INFO 20376 --- [    Test worker] o.s.b.a.w.s.WelcomePageHandlerMapping    : Adding welcome page template: index
2022-02-14 22:01:18.038  INFO 20376 --- [    Test worker] s.a.ScheduledAnnotationBeanPostProcessor : No TaskScheduler/ScheduledExecutorService bean found for scheduled processing
2022-02-14 22:01:18.063  INFO 20376 --- [    Test worker] o.s.b.w.embedded.tomcat.TomcatWebServer  : Tomcat started on port(s): 57683 (http) with context path ''
2022-02-14 22:01:18.064  INFO 20376 --- [    Test worker] c.j.b.s.web.IndexControllerTest          : Started IndexControllerTest in 3.303 seconds (JVM running for 16.611)
2022-02-14 22:01:18.194  INFO 20376 --- [o-auto-1-exec-2] o.a.c.c.C.[Tomcat].[localhost].[/]       : Initializing Spring DispatcherServlet 'dispatcherServlet'
2022-02-14 22:01:18.195  INFO 20376 --- [o-auto-1-exec-2] o.s.web.servlet.DispatcherServlet        : Initializing Servlet 'dispatcherServlet'
2022-02-14 22:01:18.219  INFO 20376 --- [o-auto-1-exec-2] o.s.web.servlet.DispatcherServlet        : Completed initialization in 24 ms
SessionUser user is null 
Hibernate: select posts0_.id as id1_0_, posts0_.created_date as created_2_0_, posts0_.modified_date as modified3_0_, posts0_.author as author4_0_, posts0_.content as content5_0_, posts0_.title as title6_0_ from posts posts0_ order by posts0_.id DESC
user is not null userName = null
user.toString() >>> com.jojoldu.book.springboot.config.auth.dto.SessionUser@1b574769
]]></system-out>
  <system-err><![CDATA[]]></system-err>
</testsuite>
